<?xml version="1.0" encoding="UTF-8"?>
<testsuite name="com.thorcompanion.EmeraldMapCatalogTest" tests="7" skipped="0" failures="0" errors="0" timestamp="2026-09-20T17:32:39" hostname="EUREKA" time="0.035">
  <properties/>
  <testcase name="fromMemoryValue_route101_mapsToEmeraldRoute" classname="com.thorcompanion.EmeraldMapCatalogTest" time="0.025"/>
  <testcase name="parseMap_retroArchResponse_oldaleTownUsesGroupAndNumber" classname="com.thorcompanion.EmeraldMapCatalogTest" time="0.004"/>
  <testcase name="resolveMapId_cityInterior_usesGroupAndNumber" classname="com.thorcompanion.EmeraldMapCatalogTest" time="0.0"/>
  <testcase name="route103_hasOfflineGrassEncounters" classname="com.thorcompanion.EmeraldMapCatalogTest" time="0.005"/>
  <testcase name="resolveMapId_dungeon_usesDungeonGroup" classname="com.thorcompanion.EmeraldMapCatalogTest" time="0.0"/>
  <testcase name="resolveMapId_route102_mapsCorrectly" classname="com.thorcompanion.EmeraldMapCatalogTest" time="0.001"/>
  <testcase name="parseMap_retroArchResponse_route101UsesGroupAndNumber" classname="com.thorcompanion.EmeraldMapCatalogTest" time="0.0"/>
  <system-out><![CDATA[]]></system-out>
  <system-err><![CDATA[]]></system-err>
</testsuite>
